<?xml version="1.0" encoding="UTF-8"?>
<!-- Generated by org.testng.reporters.JUnitReportReporter -->
<testsuite hostname="MSI" failures="0" tests="1" name="testrunners.MyTestRunner" time="0.031" errors="0" timestamp="2024-01-19T13:36:23 PST" skipped="0">
  <testcase classname="testrunners.MyTestRunner" name="scenarios" time="0.031"/>
</testsuite> <!-- testrunners.MyTestRunner -->
